C:\PROJECTS\GIT\USO\NIK\SOURCES\KERNEL\SRC\RELEASE\APPLICATION.OBJ
C:\PROJECTS\GIT\USO\NIK\SOURCES\KERNEL\SRC\RELEASE\BUTTON.OBJ
C:\Projects\Git\Uso\nik\sources\kernel\src\Release\cl.command.1.tlog
C:\Projects\Git\Uso\nik\sources\kernel\src\Release\CL.read.1.tlog
C:\Projects\Git\Uso\nik\sources\kernel\src\Release\CL.write.1.tlog
C:\PROJECTS\GIT\USO\NIK\SOURCES\KERNEL\SRC\RELEASE\CLOCK.OBJ
C:\PROJECTS\GIT\USO\NIK\SOURCES\KERNEL\SRC\RELEASE\CLOCKCONTROL.OBJ
C:\PROJECTS\GIT\USO\NIK\SOURCES\KERNEL\SRC\RELEASE\CONFIG.OBJ
C:\PROJECTS\GIT\USO\NIK\SOURCES\KERNEL\SRC\RELEASE\CONTROL.OBJ
C:\PROJECTS\GIT\USO\NIK\SOURCES\KERNEL\SRC\RELEASE\CRC16.OBJ
C:\PROJECTS\GIT\USO\NIK\SOURCES\KERNEL\SRC\RELEASE\CRC32.OBJ
C:\PROJECTS\GIT\USO\NIK\SOURCES\KERNEL\SRC\RELEASE\CRT.OBJ
C:\PROJECTS\GIT\USO\NIK\SOURCES\KERNEL\SRC\RELEASE\DESKTOP.OBJ
C:\PROJECTS\GIT\USO\NIK\SOURCES\KERNEL\SRC\RELEASE\DISPLAY.OBJ
C:\PROJECTS\GIT\USO\NIK\SOURCES\KERNEL\SRC\RELEASE\FIRE.OBJ
C:\PROJECTS\GIT\USO\NIK\SOURCES\KERNEL\SRC\RELEASE\HDD.OBJ
C:\PROJECTS\GIT\USO\NIK\SOURCES\KERNEL\SRC\RELEASE\HDDMANAGER.OBJ
C:\PROJECTS\GIT\USO\NIK\SOURCES\KERNEL\SRC\RELEASE\INFOPANEL.OBJ
C:\PROJECTS\GIT\USO\NIK\SOURCES\KERNEL\SRC\RELEASE\INTERRUPT.OBJ
C:\PROJECTS\GIT\USO\NIK\SOURCES\KERNEL\SRC\RELEASE\IO.OBJ
C:\PROJECTS\GIT\USO\NIK\SOURCES\KERNEL\SRC\RELEASE\KERNEL.EXE
C:\Projects\Git\Uso\nik\sources\kernel\src\Release\link.command.1.tlog
C:\Projects\Git\Uso\nik\sources\kernel\src\Release\link.read.1.tlog
C:\Projects\Git\Uso\nik\sources\kernel\src\Release\link.write.1.tlog
C:\PROJECTS\GIT\USO\NIK\SOURCES\KERNEL\SRC\RELEASE\LIST.OBJ
C:\PROJECTS\GIT\USO\NIK\SOURCES\KERNEL\SRC\RELEASE\LOG.OBJ
C:\PROJECTS\GIT\USO\NIK\SOURCES\KERNEL\SRC\RELEASE\LOGCONTROL.OBJ
C:\PROJECTS\GIT\USO\NIK\SOURCES\KERNEL\SRC\RELEASE\LOGIC.OBJ
C:\PROJECTS\GIT\USO\NIK\SOURCES\KERNEL\SRC\RELEASE\LOW.OBJ
C:\PROJECTS\GIT\USO\NIK\SOURCES\KERNEL\SRC\RELEASE\MAIN.OBJ
C:\PROJECTS\GIT\USO\NIK\SOURCES\KERNEL\SRC\RELEASE\MAINCONFIRMATION.OBJ
C:\PROJECTS\GIT\USO\NIK\SOURCES\KERNEL\SRC\RELEASE\MAINFINISH.OBJ
C:\PROJECTS\GIT\USO\NIK\SOURCES\KERNEL\SRC\RELEASE\MAININFO.OBJ
C:\PROJECTS\GIT\USO\NIK\SOURCES\KERNEL\SRC\RELEASE\MAINTABCONTROL.OBJ
C:\PROJECTS\GIT\USO\NIK\SOURCES\KERNEL\SRC\RELEASE\MATH.OBJ
C:\PROJECTS\GIT\USO\NIK\SOURCES\KERNEL\SRC\RELEASE\MEMORY.OBJ
C:\PROJECTS\GIT\USO\NIK\SOURCES\KERNEL\SRC\RELEASE\MESSAGES.OBJ
C:\PROJECTS\GIT\USO\NIK\SOURCES\KERNEL\SRC\RELEASE\MONITORING.OBJ
C:\PROJECTS\GIT\USO\NIK\SOURCES\KERNEL\SRC\RELEASE\PROCESS.OBJ
C:\PROJECTS\GIT\USO\NIK\SOURCES\KERNEL\SRC\RELEASE\PWS.OBJ
C:\PROJECTS\GIT\USO\NIK\SOURCES\KERNEL\SRC\RELEASE\RPK.OBJ
C:\PROJECTS\GIT\USO\NIK\SOURCES\KERNEL\SRC\RELEASE\SERIALDEBUG.OBJ
C:\PROJECTS\GIT\USO\NIK\SOURCES\KERNEL\SRC\RELEASE\SERIALPORT.OBJ
C:\PROJECTS\GIT\USO\NIK\SOURCES\KERNEL\SRC\RELEASE\STRING.OBJ
C:\PROJECTS\GIT\USO\NIK\SOURCES\KERNEL\SRC\RELEASE\SYSTEM.OBJ
C:\PROJECTS\GIT\USO\NIK\SOURCES\KERNEL\SRC\RELEASE\TABCONTROL.OBJ
C:\PROJECTS\GIT\USO\NIK\SOURCES\KERNEL\SRC\RELEASE\TIMER.OBJ
C:\PROJECTS\GIT\USO\NIK\SOURCES\KERNEL\SRC\RELEASE\TOOLSDATE.OBJ
C:\PROJECTS\GIT\USO\NIK\SOURCES\KERNEL\SRC\RELEASE\TOOLSJUSTIROVKA.OBJ
C:\PROJECTS\GIT\USO\NIK\SOURCES\KERNEL\SRC\RELEASE\TOOLSLOG.OBJ
C:\PROJECTS\GIT\USO\NIK\SOURCES\KERNEL\SRC\RELEASE\TOOLSOFF.OBJ
C:\PROJECTS\GIT\USO\NIK\SOURCES\KERNEL\SRC\RELEASE\TOOLSTABCONTROL.OBJ
C:\PROJECTS\GIT\USO\NIK\SOURCES\KERNEL\SRC\RELEASE\TOOLSUPDATE.OBJ
C:\PROJECTS\GIT\USO\NIK\SOURCES\KERNEL\SRC\RELEASE\TOOLSUPDATEFR.OBJ
C:\PROJECTS\GIT\USO\NIK\SOURCES\KERNEL\SRC\RELEASE\TOOLSUPDATEPC.OBJ
C:\PROJECTS\GIT\USO\NIK\SOURCES\KERNEL\SRC\RELEASE\TOUCHPAD.OBJ
C:\PROJECTS\GIT\USO\NIK\SOURCES\KERNEL\SRC\RELEASE\USOMODECONTROL.OBJ
C:\PROJECTS\GIT\USO\NIK\SOURCES\KERNEL\SRC\RELEASE\VC100.PDB
