C:\PROJECTS\GIT\USO\MOD\SRC\RELEASE\ACTIONGATECLOSE.OBJ
C:\PROJECTS\GIT\USO\MOD\SRC\RELEASE\ACTIONGATEOPEN.OBJ
C:\PROJECTS\GIT\USO\MOD\SRC\RELEASE\ACTIONMOVETOPOINT.OBJ
C:\PROJECTS\GIT\USO\MOD\SRC\RELEASE\ACTIONPOVOROTNIY.OBJ
C:\PROJECTS\GIT\USO\MOD\SRC\RELEASE\ACTIONSEARCH.OBJ
C:\PROJECTS\GIT\USO\MOD\SRC\RELEASE\ACTIONSENDPRESSURETABLE.OBJ
C:\PROJECTS\GIT\USO\MOD\SRC\RELEASE\ACTIONSTARTPROGRAMSCANLINE.OBJ
C:\PROJECTS\GIT\USO\MOD\SRC\RELEASE\ACTIONSTARTPROGRAMSCANPOINT.OBJ
C:\PROJECTS\GIT\USO\MOD\SRC\RELEASE\ACTIONSTOPPROGRAMSCAN.OBJ
C:\PROJECTS\GIT\USO\MOD\SRC\RELEASE\ACTIONVALVECLOSE.OBJ
C:\PROJECTS\GIT\USO\MOD\SRC\RELEASE\ACTIONVALVEOPEN.OBJ
C:\PROJECTS\GIT\USO\MOD\SRC\RELEASE\APPLICATION.OBJ
C:\PROJECTS\GIT\USO\MOD\SRC\RELEASE\BK16DEVICE.OBJ
C:\PROJECTS\GIT\USO\MOD\SRC\RELEASE\BUTTON.OBJ
c:\Projects\Git\Uso\mod\src\Release\cl.command.1.tlog
c:\Projects\Git\Uso\mod\src\Release\CL.read.1.tlog
c:\Projects\Git\Uso\mod\src\Release\CL.write.1.tlog
C:\PROJECTS\GIT\USO\MOD\SRC\RELEASE\CLOCK.OBJ
C:\PROJECTS\GIT\USO\MOD\SRC\RELEASE\CLOCKCONTROL.OBJ
C:\PROJECTS\GIT\USO\MOD\SRC\RELEASE\CONFIG.OBJ
C:\PROJECTS\GIT\USO\MOD\SRC\RELEASE\CONFIGDATA.OBJ
C:\PROJECTS\GIT\USO\MOD\SRC\RELEASE\CONTROL.OBJ
C:\PROJECTS\GIT\USO\MOD\SRC\RELEASE\CRC16.OBJ
C:\PROJECTS\GIT\USO\MOD\SRC\RELEASE\CRC32.OBJ
C:\PROJECTS\GIT\USO\MOD\SRC\RELEASE\CRT.OBJ
C:\PROJECTS\GIT\USO\MOD\SRC\RELEASE\DESKTOP.OBJ
C:\PROJECTS\GIT\USO\MOD\SRC\RELEASE\DETECTIONSUBSYSTEM.OBJ
C:\PROJECTS\GIT\USO\MOD\SRC\RELEASE\DISPLAY.OBJ
C:\PROJECTS\GIT\USO\MOD\SRC\RELEASE\EXTENSIONSYSTEM.OBJ
C:\PROJECTS\GIT\USO\MOD\SRC\RELEASE\FIRE.OBJ
C:\PROJECTS\GIT\USO\MOD\SRC\RELEASE\FV300DEVICE.OBJ
C:\PROJECTS\GIT\USO\MOD\SRC\RELEASE\HDD.OBJ
C:\PROJECTS\GIT\USO\MOD\SRC\RELEASE\HDDMANAGER.OBJ
C:\PROJECTS\GIT\USO\MOD\SRC\RELEASE\INFOPANEL.OBJ
C:\PROJECTS\GIT\USO\MOD\SRC\RELEASE\INTERRUPT.OBJ
C:\PROJECTS\GIT\USO\MOD\SRC\RELEASE\IOSUBSYSTEM.OBJ
C:\PROJECTS\GIT\USO\MOD\SRC\RELEASE\KERNEL.EXE
c:\Projects\Git\Uso\mod\src\Release\link.command.1.tlog
c:\Projects\Git\Uso\mod\src\Release\link.read.1.tlog
c:\Projects\Git\Uso\mod\src\Release\link.write.1.tlog
C:\PROJECTS\GIT\USO\MOD\SRC\RELEASE\LIST.OBJ
C:\PROJECTS\GIT\USO\MOD\SRC\RELEASE\LOG.OBJ
C:\PROJECTS\GIT\USO\MOD\SRC\RELEASE\LOGCONTROL.OBJ
C:\PROJECTS\GIT\USO\MOD\SRC\RELEASE\LOGIC.OBJ
C:\PROJECTS\GIT\USO\MOD\SRC\RELEASE\LOGICCOOLING.OBJ
C:\PROJECTS\GIT\USO\MOD\SRC\RELEASE\LOGICSEARCHING.OBJ
C:\PROJECTS\GIT\USO\MOD\SRC\RELEASE\LOW.OBJ
C:\PROJECTS\GIT\USO\MOD\SRC\RELEASE\MAIN.OBJ
C:\PROJECTS\GIT\USO\MOD\SRC\RELEASE\MAINCONFIRMATION.OBJ
C:\PROJECTS\GIT\USO\MOD\SRC\RELEASE\MAINFINISH.OBJ
C:\PROJECTS\GIT\USO\MOD\SRC\RELEASE\MAININFO.OBJ
C:\PROJECTS\GIT\USO\MOD\SRC\RELEASE\MAINTABCONTROL.OBJ
C:\PROJECTS\GIT\USO\MOD\SRC\RELEASE\MATH.OBJ
C:\PROJECTS\GIT\USO\MOD\SRC\RELEASE\MEMORY.OBJ
C:\PROJECTS\GIT\USO\MOD\SRC\RELEASE\MESSAGES.OBJ
C:\PROJECTS\GIT\USO\MOD\SRC\RELEASE\MONITORINGDEVICE.OBJ
C:\PROJECTS\GIT\USO\MOD\SRC\RELEASE\MONITORINGSUBSYSTEM.OBJ
C:\PROJECTS\GIT\USO\MOD\SRC\RELEASE\POVOROTNIY.OBJ
C:\PROJECTS\GIT\USO\MOD\SRC\RELEASE\RPKDEVICE.OBJ
C:\PROJECTS\GIT\USO\MOD\SRC\RELEASE\RPKSUBSYSTEM.OBJ
C:\PROJECTS\GIT\USO\MOD\SRC\RELEASE\SCANNERDEVICE.OBJ
C:\PROJECTS\GIT\USO\MOD\SRC\RELEASE\SECTORINTERSECTION.OBJ
C:\PROJECTS\GIT\USO\MOD\SRC\RELEASE\SERIALDEBUG.OBJ
C:\PROJECTS\GIT\USO\MOD\SRC\RELEASE\SERIALPORT.OBJ
C:\PROJECTS\GIT\USO\MOD\SRC\RELEASE\STRING.OBJ
C:\PROJECTS\GIT\USO\MOD\SRC\RELEASE\TABCONTROL.OBJ
C:\PROJECTS\GIT\USO\MOD\SRC\RELEASE\TIMER.OBJ
C:\PROJECTS\GIT\USO\MOD\SRC\RELEASE\TOOLSDATE.OBJ
C:\PROJECTS\GIT\USO\MOD\SRC\RELEASE\TOOLSJUSTIROVKA.OBJ
C:\PROJECTS\GIT\USO\MOD\SRC\RELEASE\TOOLSLOG.OBJ
C:\PROJECTS\GIT\USO\MOD\SRC\RELEASE\TOOLSOFF.OBJ
C:\PROJECTS\GIT\USO\MOD\SRC\RELEASE\TOOLSTABCONTROL.OBJ
C:\PROJECTS\GIT\USO\MOD\SRC\RELEASE\TOOLSUPDATE.OBJ
C:\PROJECTS\GIT\USO\MOD\SRC\RELEASE\TOOLSUPDATEFR.OBJ
C:\PROJECTS\GIT\USO\MOD\SRC\RELEASE\TOOLSUPDATEPC.OBJ
C:\PROJECTS\GIT\USO\MOD\SRC\RELEASE\TOUCHPAD.OBJ
C:\PROJECTS\GIT\USO\MOD\SRC\RELEASE\TVDEVICE.OBJ
C:\PROJECTS\GIT\USO\MOD\SRC\RELEASE\USOMODECONTROL.OBJ
C:\PROJECTS\GIT\USO\MOD\SRC\RELEASE\VC100.PDB
