C:\PROJECTS\GIT\USO\NIK\SOURCES\KERNEL\SRC\RELEASE\APPLICATION.OBJ
C:\PROJECTS\GIT\USO\NIK\SOURCES\KERNEL\SRC\RELEASE\BK.OBJ
C:\Projects\Git\Uso\nik\sources\kernel\src\Release\cl.command.1.tlog
C:\Projects\Git\Uso\nik\sources\kernel\src\Release\CL.read.1.tlog
C:\Projects\Git\Uso\nik\sources\kernel\src\Release\CL.write.1.tlog
C:\PROJECTS\GIT\USO\NIK\SOURCES\KERNEL\SRC\RELEASE\CONFIG.OBJ
C:\PROJECTS\GIT\USO\NIK\SOURCES\KERNEL\SRC\RELEASE\CRC16.OBJ
C:\PROJECTS\GIT\USO\NIK\SOURCES\KERNEL\SRC\RELEASE\CRC32.OBJ
C:\PROJECTS\GIT\USO\NIK\SOURCES\KERNEL\SRC\RELEASE\CRT.OBJ
C:\PROJECTS\GIT\USO\NIK\SOURCES\KERNEL\SRC\RELEASE\DISPLAY.OBJ
C:\PROJECTS\GIT\USO\NIK\SOURCES\KERNEL\SRC\RELEASE\FIRE.OBJ
C:\PROJECTS\GIT\USO\NIK\SOURCES\KERNEL\SRC\RELEASE\HDD.OBJ
C:\PROJECTS\GIT\USO\NIK\SOURCES\KERNEL\SRC\RELEASE\HDDMANAGER.OBJ
C:\PROJECTS\GIT\USO\NIK\SOURCES\KERNEL\SRC\RELEASE\INTERRUPT.OBJ
C:\PROJECTS\GIT\USO\NIK\SOURCES\KERNEL\SRC\RELEASE\KERNEL.EXE
C:\Projects\Git\Uso\nik\sources\kernel\src\Release\link.command.1.tlog
C:\Projects\Git\Uso\nik\sources\kernel\src\Release\link.read.1.tlog
C:\Projects\Git\Uso\nik\sources\kernel\src\Release\link.write.1.tlog
C:\PROJECTS\GIT\USO\NIK\SOURCES\KERNEL\SRC\RELEASE\LOW.OBJ
C:\PROJECTS\GIT\USO\NIK\SOURCES\KERNEL\SRC\RELEASE\MAIN.OBJ
C:\PROJECTS\GIT\USO\NIK\SOURCES\KERNEL\SRC\RELEASE\MATH.OBJ
C:\PROJECTS\GIT\USO\NIK\SOURCES\KERNEL\SRC\RELEASE\MEMORY.OBJ
C:\PROJECTS\GIT\USO\NIK\SOURCES\KERNEL\SRC\RELEASE\MESSAGES.OBJ
C:\PROJECTS\GIT\USO\NIK\SOURCES\KERNEL\SRC\RELEASE\MONITORING.OBJ
C:\PROJECTS\GIT\USO\NIK\SOURCES\KERNEL\SRC\RELEASE\PANEL.OBJ
C:\PROJECTS\GIT\USO\NIK\SOURCES\KERNEL\SRC\RELEASE\PROCESS.OBJ
C:\PROJECTS\GIT\USO\NIK\SOURCES\KERNEL\SRC\RELEASE\RPK.OBJ
C:\PROJECTS\GIT\USO\NIK\SOURCES\KERNEL\SRC\RELEASE\SERIALDEBUG.OBJ
C:\PROJECTS\GIT\USO\NIK\SOURCES\KERNEL\SRC\RELEASE\SERIALPORT.OBJ
C:\PROJECTS\GIT\USO\NIK\SOURCES\KERNEL\SRC\RELEASE\STRING.OBJ
C:\PROJECTS\GIT\USO\NIK\SOURCES\KERNEL\SRC\RELEASE\SYSTEM.OBJ
C:\PROJECTS\GIT\USO\NIK\SOURCES\KERNEL\SRC\RELEASE\TIMER.OBJ
C:\PROJECTS\GIT\USO\NIK\SOURCES\KERNEL\SRC\RELEASE\TOUCHPAD.OBJ
C:\PROJECTS\GIT\USO\NIK\SOURCES\KERNEL\SRC\RELEASE\VC100.PDB
