Build started 13.01.2014 12:16:44.
Project "C:\Projects\Git\Uso\nik\sources\kernel\src\kernel.vcxproj" on node 2 (rebuild target(s)).
_PrepareForClean:
  Deleting file "Release\kernel.lastbuildstate".
InitializeBuildStatus:
  Creating "Release\kernel.unsuccessfulbuild" because "AlwaysCreate" was specified.
PreBuildEvent:
  VersionInc.exe ../lib/version.h
  :VCEnd
ClCompile:
  C:\Program Files (x86)\Microsoft Visual Studio 10.0\VC\bin\CL.exe /c /Zi /nologo /W4 /WX- /MP /O2 /Oi /Oy- /Gm- /MT /GS- /Gy- /fp:fast /fp:except- /Zc:wchar_t /Zc:forScope /GR- /Fo"Release\\" /Fd"Release\vc100.pdb" /Gd /TP /analyze- /errorReport:prompt ..\lib\application.cpp ..\lib\config\config.cpp ..\lib\crc16.cpp ..\lib\crc32.cpp ..\lib\crt.cpp ..\lib\DEBUG\serialDebug.cpp ..\lib\display\display.cpp ..\lib\hdd\hdd.cpp ..\lib\hdd\hddManager.cpp ..\lib\interrupt\interrupt.cpp ..\lib\low.cpp ..\lib\math\math.cpp ..\lib\memory\memory.cpp ..\lib\message\messages.cpp ..\lib\process\process.cpp ..\lib\serialport\serialport.cpp ..\lib\string.cpp ..\lib\systems\bk.cpp ..\lib\systems\fire.cpp ..\lib\systems\monitoring.cpp ..\lib\systems\panel.cpp ..\lib\systems\rpk.cpp ..\lib\systems\system.cpp ..\lib\timer\timer.cpp ..\lib\touchpad\touchpad.cpp main.cpp
  application.cpp
c:\projects\git\uso\nik\sources\kernel\lib\config\../math/math.h(175): warning C4239: nonstandard extension used : 'argument' : conversion from 'Point3<T>' to 'Point3<T> &'
          with
          [
              T=float
          ]
          A non-const reference may only be bound to an lvalue; assigment operator takes a reference to non-const
c:\projects\git\uso\nik\sources\kernel\lib\config\../math/math.h(211): warning C4239: nonstandard extension used : 'argument' : conversion from 'Point3<T>' to 'Point3<T> &'
          with
          [
              T=float
          ]
          A non-const reference may only be bound to an lvalue; assigment operator takes a reference to non-const
c:\projects\git\uso\nik\sources\kernel\lib\config\../math/math.h(212): warning C4239: nonstandard extension used : 'argument' : conversion from 'Point3<T>' to 'Point3<T> &'
          with
          [
              T=float
          ]
          A non-const reference may only be bound to an lvalue; assigment operator takes a reference to non-const
c:\projects\git\uso\nik\sources\kernel\lib\config\../math/math.h(213): warning C4239: nonstandard extension used : 'argument' : conversion from 'Point3<T>' to 'Point3<T> &'
          with
          [
              T=float
          ]
          A non-const reference may only be bound to an lvalue; assigment operator takes a reference to non-const
  config.cpp
c:\projects\git\uso\nik\sources\kernel\lib\config\../math/math.h(175): warning C4239: nonstandard extension used : 'argument' : conversion from 'Point3<T>' to 'Point3<T> &'
          with
          [
              T=float
          ]
          A non-const reference may only be bound to an lvalue; assigment operator takes a reference to non-const
c:\projects\git\uso\nik\sources\kernel\lib\config\../math/math.h(211): warning C4239: nonstandard extension used : 'argument' : conversion from 'Point3<T>' to 'Point3<T> &'
          with
          [
              T=float
          ]
          A non-const reference may only be bound to an lvalue; assigment operator takes a reference to non-const
c:\projects\git\uso\nik\sources\kernel\lib\config\../math/math.h(212): warning C4239: nonstandard extension used : 'argument' : conversion from 'Point3<T>' to 'Point3<T> &'
          with
          [
              T=float
          ]
          A non-const reference may only be bound to an lvalue; assigment operator takes a reference to non-const
c:\projects\git\uso\nik\sources\kernel\lib\config\../math/math.h(213): warning C4239: nonstandard extension used : 'argument' : conversion from 'Point3<T>' to 'Point3<T> &'
          with
          [
              T=float
          ]
          A non-const reference may only be bound to an lvalue; assigment operator takes a reference to non-const
  crc16.cpp
  crc32.cpp
  crt.cpp
  serialDebug.cpp
  display.cpp
..\lib\display\display.cpp(168): warning C4244: '=' : conversion from 'unsigned int' to 'unsigned short', possible loss of data
..\lib\display\display.cpp(249): warning C4244: '=' : conversion from 'int' to 'unsigned char', possible loss of data
..\lib\display\display.cpp(252): warning C4244: '=' : conversion from 'int' to 'unsigned char', possible loss of data
..\lib\display\display.cpp(255): warning C4244: '=' : conversion from 'int' to 'unsigned char', possible loss of data
..\lib\display\display.cpp(261): warning C4244: '=' : conversion from 'int' to 'char', possible loss of data
..\lib\display\display.cpp(298): warning C4244: 'argument' : conversion from 'unsigned int' to 'unsigned char', possible loss of data
..\lib\display\display.cpp(299): warning C4244: 'argument' : conversion from 'unsigned int' to 'unsigned char', possible loss of data
..\lib\display\display.cpp(311): warning C4244: 'initializing' : conversion from 'unsigned int' to 'unsigned char', possible loss of data
..\lib\display\display.cpp(318): warning C4244: '=' : conversion from 'unsigned int' to 'unsigned char', possible loss of data
..\lib\display\display.cpp(324): warning C4244: '=' : conversion from 'unsigned int' to 'unsigned char', possible loss of data
..\lib\display\display.cpp(330): warning C4244: '=' : conversion from 'unsigned int' to 'unsigned char', possible loss of data
..\lib\display\display.cpp(336): warning C4244: '=' : conversion from 'unsigned int' to 'unsigned char', possible loss of data
..\lib\display\display.cpp(342): warning C4244: '=' : conversion from 'unsigned int' to 'unsigned char', possible loss of data
..\lib\display\display.cpp(348): warning C4244: '=' : conversion from 'unsigned int' to 'unsigned char', possible loss of data
..\lib\display\display.cpp(354): warning C4244: '=' : conversion from 'unsigned int' to 'unsigned char', possible loss of data
..\lib\display\display.cpp(360): warning C4244: '=' : conversion from 'unsigned int' to 'unsigned char', possible loss of data
..\lib\display\display.cpp(366): warning C4244: 'argument' : conversion from 'unsigned int' to 'unsigned char', possible loss of data
..\lib\display\display.cpp(375): warning C4189: 'position' : local variable is initialized but not referenced
..\lib\display\display.cpp(384): warning C4244: 'initializing' : conversion from 'unsigned int' to 'char', possible loss of data
..\lib\display\display.cpp(390): warning C4244: '=' : conversion from 'unsigned int' to 'char', possible loss of data
..\lib\display\display.cpp(396): warning C4244: '=' : conversion from 'unsigned int' to 'char', possible loss of data
..\lib\display\display.cpp(402): warning C4244: '=' : conversion from 'unsigned int' to 'char', possible loss of data
..\lib\display\display.cpp(408): warning C4244: '=' : conversion from 'unsigned int' to 'char', possible loss of data
..\lib\display\display.cpp(414): warning C4244: '=' : conversion from 'unsigned int' to 'char', possible loss of data
..\lib\display\display.cpp(420): warning C4244: '=' : conversion from 'unsigned int' to 'char', possible loss of data
..\lib\display\display.cpp(426): warning C4244: '=' : conversion from 'unsigned int' to 'char', possible loss of data
..\lib\display\display.cpp(432): warning C4244: '=' : conversion from 'unsigned int' to 'char', possible loss of data
..\lib\display\display.cpp(438): warning C4244: 'argument' : conversion from 'unsigned int' to 'unsigned char', possible loss of data
..\lib\display\display.cpp(475): warning C4244: 'argument' : conversion from 'unsigned int' to 'unsigned char', possible loss of data
..\lib\display\display.cpp(476): warning C4244: 'argument' : conversion from 'unsigned int' to 'unsigned char', possible loss of data
..\lib\display\display.cpp(495): warning C4244: 'argument' : conversion from 'unsigned int' to 'unsigned char', possible loss of data
..\lib\display\display.cpp(496): warning C4244: 'argument' : conversion from 'unsigned int' to 'unsigned char', possible loss of data
  hdd.cpp
  hddManager.cpp
..\lib\hdd\hddManager.cpp(93): warning C4244: 'argument' : conversion from 'unsigned int' to 'unsigned char', possible loss of data
..\lib\hdd\hddManager.cpp(96): warning C4244: 'argument' : conversion from 'unsigned int' to 'unsigned char', possible loss of data
  interrupt.cpp
  low.cpp
  math.cpp
c:\projects\git\uso\nik\sources\kernel\lib\math\math.h(175): warning C4239: nonstandard extension used : 'argument' : conversion from 'Point3<T>' to 'Point3<T> &'
          with
          [
              T=float
          ]
          A non-const reference may only be bound to an lvalue; assigment operator takes a reference to non-const
c:\projects\git\uso\nik\sources\kernel\lib\math\math.h(211): warning C4239: nonstandard extension used : 'argument' : conversion from 'Point3<T>' to 'Point3<T> &'
          with
          [
              T=float
          ]
          A non-const reference may only be bound to an lvalue; assigment operator takes a reference to non-const
c:\projects\git\uso\nik\sources\kernel\lib\math\math.h(212): warning C4239: nonstandard extension used : 'argument' : conversion from 'Point3<T>' to 'Point3<T> &'
          with
          [
              T=float
          ]
          A non-const reference may only be bound to an lvalue; assigment operator takes a reference to non-const
c:\projects\git\uso\nik\sources\kernel\lib\math\math.h(213): warning C4239: nonstandard extension used : 'argument' : conversion from 'Point3<T>' to 'Point3<T> &'
          with
          [
              T=float
          ]
          A non-const reference may only be bound to an lvalue; assigment operator takes a reference to non-const
..\lib\math\math.cpp(63): warning C4100: 'f' : unreferenced formal parameter
..\lib\math\math.cpp(69): warning C4100: 'f' : unreferenced formal parameter
  memory.cpp
..\lib\memory\memory.cpp(96): warning C4100: 'size' : unreferenced formal parameter
..\lib\memory\memory.cpp(119): warning C4100: 'size' : unreferenced formal parameter
  messages.cpp
  process.cpp
  serialport.cpp
..\lib\serialport\serialport.cpp(29): warning C4244: 'argument' : conversion from 'int' to 'unsigned short', possible loss of data
..\lib\serialport\serialport.cpp(30): warning C4244: 'argument' : conversion from 'int' to 'unsigned short', possible loss of data
..\lib\serialport\serialport.cpp(31): warning C4244: 'argument' : conversion from 'int' to 'unsigned short', possible loss of data
..\lib\serialport\serialport.cpp(32): warning C4244: 'argument' : conversion from 'int' to 'unsigned short', possible loss of data
..\lib\serialport\serialport.cpp(33): warning C4244: 'argument' : conversion from 'int' to 'unsigned short', possible loss of data
..\lib\serialport\serialport.cpp(34): warning C4244: 'argument' : conversion from 'int' to 'unsigned short', possible loss of data
..\lib\serialport\serialport.cpp(35): warning C4244: 'argument' : conversion from 'int' to 'unsigned short', possible loss of data
..\lib\serialport\serialport.cpp(57): warning C4244: 'argument' : conversion from 'int' to 'unsigned short', possible loss of data
..\lib\serialport\serialport.cpp(58): warning C4244: 'argument' : conversion from 'SERIAL_PORT_SPEED' to 'unsigned char', possible loss of data
..\lib\serialport\serialport.cpp(58): warning C4244: 'argument' : conversion from 'int' to 'unsigned short', possible loss of data
..\lib\serialport\serialport.cpp(59): warning C4244: 'argument' : conversion from 'int' to 'unsigned char', possible loss of data
..\lib\serialport\serialport.cpp(59): warning C4244: 'argument' : conversion from 'int' to 'unsigned short', possible loss of data
..\lib\serialport\serialport.cpp(60): warning C4244: 'argument' : conversion from 'int' to 'unsigned short', possible loss of data
..\lib\serialport\serialport.cpp(67): warning C4244: 'argument' : conversion from 'int' to 'unsigned short', possible loss of data
..\lib\serialport\serialport.cpp(70): warning C4244: 'argument' : conversion from 'SERIAL_PORT_BASE_ADDRESS' to 'unsigned short', possible loss of data
..\lib\serialport\serialport.cpp(74): warning C4244: 'argument' : conversion from 'int' to 'unsigned short', possible loss of data
..\lib\serialport\serialport.cpp(82): warning C4244: 'argument' : conversion from 'SERIAL_PORT_BASE_ADDRESS' to 'unsigned short', possible loss of data
..\lib\serialport\serialport.cpp(94): warning C4244: 'argument' : conversion from 'SERIAL_PORT_BASE_ADDRESS' to 'unsigned short', possible loss of data
..\lib\serialport\serialport.cpp(143): warning C4244: 'argument' : conversion from 'int' to 'unsigned short', possible loss of data
..\lib\serialport\serialport.cpp(150): warning C4244: 'argument' : conversion from 'int' to 'unsigned short', possible loss of data
..\lib\serialport\serialport.cpp(166): warning C4244: 'argument' : conversion from 'int' to 'unsigned short', possible loss of data
..\lib\serialport\serialport.cpp(173): warning C4244: 'argument' : conversion from 'int' to 'unsigned short', possible loss of data
..\lib\serialport\serialport.cpp(189): warning C4244: 'argument' : conversion from 'int' to 'unsigned short', possible loss of data
..\lib\serialport\serialport.cpp(196): warning C4244: 'argument' : conversion from 'int' to 'unsigned short', possible loss of data
  string.cpp
  bk.cpp
  fire.cpp
  monitoring.cpp
  Generating Code...
c:\projects\git\uso\nik\sources\kernel\lib\math\math.cpp(45): warning C4725: instruction may be inaccurate on some Pentiums
  Compiling...
  panel.cpp
  rpk.cpp
  system.cpp
  timer.cpp
  touchpad.cpp
  main.cpp
  Generating Code...
Link:
  C:\Program Files (x86)\Microsoft Visual Studio 10.0\VC\bin\link.exe /ERRORREPORT:PROMPT /OUT:"C:\Projects\Git\Uso\nik\sources\kernel\src\Release\kernel.exe" /VERBOSE /INCREMENTAL:NO /NOLOGO /MANIFEST:NO /ALLOWISOLATION:NO /PDB:"C:\Projects\Git\Uso\nik\sources\kernel\src\Release\kernel.pdb" /SUBSYSTEM:NATIVE /OPT:NOREF /OPT:NOICF /TLBID:1 /ENTRY:"mainCRTStartup" /BASE:"0x100000" /DYNAMICBASE:NO /FIXED /NXCOMPAT:NO /IMPLIB:"C:\Projects\Git\Uso\nik\sources\kernel\src\Release\kernel.lib" /MACHINE:X86 Release\application.obj
  Release\config.obj
  Release\crc16.obj
  Release\crc32.obj
  Release\crt.obj
  Release\serialDebug.obj
  Release\display.obj
  Release\hdd.obj
  Release\hddManager.obj
  Release\interrupt.obj
  Release\low.obj
  Release\math.obj
  Release\memory.obj
  Release\messages.obj
  Release\process.obj
  Release\serialport.obj
  Release\string.obj
  Release\bk.obj
  Release\fire.obj
  Release\monitoring.obj
  Release\panel.obj
  Release\rpk.obj
  Release\system.obj
  Release\timer.obj
  Release\touchpad.obj
  Release\main.obj
  
  Starting pass 1
  Processed /DEFAULTLIB:LIBCMT
  Processed /DEFAULTLIB:OLDNAMES
  Processed /NODEFAULTLIB:libc.lib
  Processed /NODEFAULTLIB:libcmt.lib
  Processed /NODEFAULTLIB:libcmtd.lib
  
  Searching libraries
      Searching C:\Program Files (x86)\Microsoft Visual Studio 10.0\VC\lib\OLDNAMES.lib:
  
  Finished searching libraries
  
  Finished pass 1
  
  Starting pass 2
       main.obj
       touchpad.obj
       timer.obj
       system.obj
       rpk.obj
       panel.obj
       monitoring.obj
       fire.obj
       bk.obj
       string.obj
       serialport.obj
       process.obj
       messages.obj
       memory.obj
       math.obj
       low.obj
       interrupt.obj
       hddManager.obj
       hdd.obj
       display.obj
       serialDebug.obj
       crt.obj
       crc32.obj
       crc16.obj
       config.obj
       application.obj
  Finished pass 2
  kernel.vcxproj -> C:\Projects\Git\Uso\nik\sources\kernel\src\Release\kernel.exe
PostBuildEvent:
  AddImageCRC.exe  Release/kernel.exe
  :VCEnd
FinalizeBuildStatus:
  Deleting file "Release\kernel.unsuccessfulbuild".
  Touching "Release\kernel.lastbuildstate".
Done Building Project "C:\Projects\Git\Uso\nik\sources\kernel\src\kernel.vcxproj" (rebuild target(s)).

Build succeeded.

Time Elapsed 00:00:03.46
